<?xml version="1.0" ?>
<!DOCTYPE coverage SYSTEM "http://cobertura.sourceforge.net/xml/coverage-04.dtd">
<coverage lines-valid="627" lines-covered="461" line-rate="0.7352" branches-valid="279" branches-covered="139" branch-rate="0.4982" timestamp="1749814387559" complexity="0" version="0.1">
  <sources>
    <source>/Users/likhithkanigolla/IIITH/code-files/MISC/ChatBot</source>
  </sources>
  <packages>
    <package name="main" line-rate="0.7352" branch-rate="0.4982">
      <classes>
        <class name="chat-bot-component.js" filename="static/js/chat-bot-component.js" line-rate="0.726" branch-rate="0.47950000000000004">
          <methods>
            <method name="(anonymous_0)" hits="5" signature="()V">
              <lines>
                <line number="11" hits="5"/>
              </lines>
            </method>
            <method name="(anonymous_1)" hits="36" signature="()V">
              <lines>
                <line number="15" hits="36"/>
              </lines>
            </method>
            <method name="(anonymous_2)" hits="9" signature="()V">
              <lines>
                <line number="23" hits="9"/>
              </lines>
            </method>
            <method name="(anonymous_3)" hits="18" signature="()V">
              <lines>
                <line number="28" hits="18"/>
              </lines>
            </method>
            <method name="(anonymous_4)" hits="11" signature="()V">
              <lines>
                <line number="38" hits="11"/>
              </lines>
            </method>
            <method name="(anonymous_5)" hits="15" signature="()V">
              <lines>
                <line number="41" hits="15"/>
              </lines>
            </method>
            <method name="(anonymous_6)" hits="15" signature="()V">
              <lines>
                <line number="42" hits="15"/>
              </lines>
            </method>
            <method name="(anonymous_7)" hits="6" signature="()V">
              <lines>
                <line number="44" hits="6"/>
              </lines>
            </method>
            <method name="(anonymous_8)" hits="9" signature="()V">
              <lines>
                <line number="47" hits="9"/>
              </lines>
            </method>
            <method name="(anonymous_9)" hits="51" signature="()V">
              <lines>
                <line number="53" hits="51"/>
              </lines>
            </method>
            <method name="(anonymous_10)" hits="51" signature="()V">
              <lines>
                <line number="54" hits="51"/>
              </lines>
            </method>
            <method name="(anonymous_11)" hits="67" signature="()V">
              <lines>
                <line number="1076" hits="67"/>
              </lines>
            </method>
            <method name="(anonymous_12)" hits="1" signature="()V">
              <lines>
                <line number="1096" hits="1"/>
              </lines>
            </method>
            <method name="(anonymous_13)" hits="0" signature="()V">
              <lines>
                <line number="1103" hits="0"/>
              </lines>
            </method>
            <method name="(anonymous_14)" hits="3" signature="()V">
              <lines>
                <line number="1112" hits="3"/>
              </lines>
            </method>
            <method name="(anonymous_15)" hits="0" signature="()V">
              <lines>
                <line number="1130" hits="0"/>
              </lines>
            </method>
            <method name="(anonymous_16)" hits="12" signature="()V">
              <lines>
                <line number="1147" hits="12"/>
              </lines>
            </method>
            <method name="(anonymous_17)" hits="25" signature="()V">
              <lines>
                <line number="1153" hits="25"/>
              </lines>
            </method>
            <method name="(anonymous_18)" hits="1" signature="()V">
              <lines>
                <line number="1172" hits="1"/>
              </lines>
            </method>
            <method name="(anonymous_19)" hits="1" signature="()V">
              <lines>
                <line number="1177" hits="1"/>
              </lines>
            </method>
            <method name="(anonymous_20)" hits="1" signature="()V">
              <lines>
                <line number="1182" hits="1"/>
              </lines>
            </method>
            <method name="(anonymous_21)" hits="4" signature="()V">
              <lines>
                <line number="1191" hits="4"/>
              </lines>
            </method>
            <method name="(anonymous_22)" hits="19" signature="()V">
              <lines>
                <line number="1197" hits="19"/>
              </lines>
            </method>
            <method name="(anonymous_23)" hits="1" signature="()V">
              <lines>
                <line number="1204" hits="1"/>
              </lines>
            </method>
            <method name="(anonymous_24)" hits="3" signature="()V">
              <lines>
                <line number="1210" hits="3"/>
              </lines>
            </method>
            <method name="(anonymous_25)" hits="2" signature="()V">
              <lines>
                <line number="1223" hits="2"/>
              </lines>
            </method>
            <method name="(anonymous_26)" hits="10" signature="()V">
              <lines>
                <line number="1227" hits="10"/>
              </lines>
            </method>
            <method name="(anonymous_27)" hits="32" signature="()V">
              <lines>
                <line number="1230" hits="32"/>
              </lines>
            </method>
            <method name="(anonymous_28)" hits="4" signature="()V">
              <lines>
                <line number="1254" hits="4"/>
              </lines>
            </method>
            <method name="(anonymous_29)" hits="5" signature="()V">
              <lines>
                <line number="1278" hits="5"/>
              </lines>
            </method>
            <method name="(anonymous_30)" hits="12" signature="()V">
              <lines>
                <line number="1284" hits="12"/>
              </lines>
            </method>
            <method name="(anonymous_31)" hits="0" signature="()V">
              <lines>
                <line number="1292" hits="0"/>
              </lines>
            </method>
            <method name="(anonymous_32)" hits="0" signature="()V">
              <lines>
                <line number="1299" hits="0"/>
              </lines>
            </method>
            <method name="(anonymous_33)" hits="0" signature="()V">
              <lines>
                <line number="1304" hits="0"/>
              </lines>
            </method>
            <method name="(anonymous_34)" hits="2" signature="()V">
              <lines>
                <line number="1310" hits="2"/>
              </lines>
            </method>
            <method name="(anonymous_35)" hits="2" signature="()V">
              <lines>
                <line number="1330" hits="2"/>
              </lines>
            </method>
            <method name="(anonymous_36)" hits="3" signature="()V">
              <lines>
                <line number="1376" hits="3"/>
              </lines>
            </method>
            <method name="(anonymous_37)" hits="3" signature="()V">
              <lines>
                <line number="1380" hits="3"/>
              </lines>
            </method>
            <method name="(anonymous_38)" hits="2" signature="()V">
              <lines>
                <line number="1384" hits="2"/>
              </lines>
            </method>
            <method name="(anonymous_39)" hits="6" signature="()V">
              <lines>
                <line number="1385" hits="6"/>
              </lines>
            </method>
            <method name="(anonymous_40)" hits="2" signature="()V">
              <lines>
                <line number="1409" hits="2"/>
              </lines>
            </method>
            <method name="(anonymous_41)" hits="1" signature="()V">
              <lines>
                <line number="1416" hits="1"/>
              </lines>
            </method>
            <method name="(anonymous_42)" hits="0" signature="()V">
              <lines>
                <line number="1421" hits="0"/>
              </lines>
            </method>
            <method name="(anonymous_43)" hits="0" signature="()V">
              <lines>
                <line number="1423" hits="0"/>
              </lines>
            </method>
            <method name="(anonymous_44)" hits="0" signature="()V">
              <lines>
                <line number="1437" hits="0"/>
              </lines>
            </method>
            <method name="(anonymous_45)" hits="0" signature="()V">
              <lines>
                <line number="1445" hits="0"/>
              </lines>
            </method>
            <method name="(anonymous_46)" hits="0" signature="()V">
              <lines>
                <line number="1454" hits="0"/>
              </lines>
            </method>
            <method name="(anonymous_47)" hits="0" signature="()V">
              <lines>
                <line number="1465" hits="0"/>
              </lines>
            </method>
            <method name="(anonymous_48)" hits="0" signature="()V">
              <lines>
                <line number="1488" hits="0"/>
              </lines>
            </method>
            <method name="(anonymous_49)" hits="0" signature="()V">
              <lines>
                <line number="1564" hits="0"/>
              </lines>
            </method>
            <method name="(anonymous_50)" hits="0" signature="()V">
              <lines>
                <line number="1565" hits="0"/>
              </lines>
            </method>
            <method name="(anonymous_51)" hits="0" signature="()V">
              <lines>
                <line number="1585" hits="0"/>
              </lines>
            </method>
            <method name="(anonymous_52)" hits="0" signature="()V">
              <lines>
                <line number="1593" hits="0"/>
              </lines>
            </method>
            <method name="(anonymous_53)" hits="0" signature="()V">
              <lines>
                <line number="1596" hits="0"/>
              </lines>
            </method>
            <method name="(anonymous_54)" hits="0" signature="()V">
              <lines>
                <line number="1614" hits="0"/>
              </lines>
            </method>
            <method name="(anonymous_55)" hits="0" signature="()V">
              <lines>
                <line number="1617" hits="0"/>
              </lines>
            </method>
            <method name="(anonymous_56)" hits="0" signature="()V">
              <lines>
                <line number="1618" hits="0"/>
              </lines>
            </method>
            <method name="(anonymous_57)" hits="0" signature="()V">
              <lines>
                <line number="1648" hits="0"/>
              </lines>
            </method>
            <method name="(anonymous_58)" hits="6" signature="()V">
              <lines>
                <line number="1662" hits="6"/>
              </lines>
            </method>
            <method name="(anonymous_59)" hits="10" signature="()V">
              <lines>
                <line number="1666" hits="10"/>
              </lines>
            </method>
            <method name="(anonymous_60)" hits="4" signature="()V">
              <lines>
                <line number="1674" hits="4"/>
              </lines>
            </method>
            <method name="(anonymous_61)" hits="0" signature="()V">
              <lines>
                <line number="1692" hits="0"/>
              </lines>
            </method>
            <method name="(anonymous_62)" hits="7" signature="()V">
              <lines>
                <line number="1739" hits="7"/>
              </lines>
            </method>
            <method name="(anonymous_63)" hits="4" signature="()V">
              <lines>
                <line number="1751" hits="4"/>
              </lines>
            </method>
            <method name="(anonymous_64)" hits="2" signature="()V">
              <lines>
                <line number="1764" hits="2"/>
              </lines>
            </method>
            <method name="(anonymous_65)" hits="0" signature="()V">
              <lines>
                <line number="1924" hits="0"/>
              </lines>
            </method>
            <method name="(anonymous_66)" hits="0" signature="()V">
              <lines>
                <line number="1929" hits="0"/>
              </lines>
            </method>
            <method name="(anonymous_67)" hits="0" signature="()V">
              <lines>
                <line number="1939" hits="0"/>
              </lines>
            </method>
            <method name="(anonymous_68)" hits="1" signature="()V">
              <lines>
                <line number="1972" hits="1"/>
              </lines>
            </method>
            <method name="(anonymous_69)" hits="6" signature="()V">
              <lines>
                <line number="2041" hits="6"/>
              </lines>
            </method>
            <method name="(anonymous_70)" hits="3" signature="()V">
              <lines>
                <line number="2061" hits="3"/>
              </lines>
            </method>
            <method name="(anonymous_71)" hits="2" signature="()V">
              <lines>
                <line number="2066" hits="2"/>
              </lines>
            </method>
            <method name="(anonymous_72)" hits="2" signature="()V">
              <lines>
                <line number="2074" hits="2"/>
              </lines>
            </method>
            <method name="(anonymous_73)" hits="2" signature="()V">
              <lines>
                <line number="2084" hits="2"/>
              </lines>
            </method>
            <method name="(anonymous_74)" hits="6" signature="()V">
              <lines>
                <line number="2087" hits="6"/>
              </lines>
            </method>
            <method name="(anonymous_75)" hits="3" signature="()V">
              <lines>
                <line number="2096" hits="3"/>
              </lines>
            </method>
            <method name="(anonymous_76)" hits="2" signature="()V">
              <lines>
                <line number="2098" hits="2"/>
              </lines>
            </method>
            <method name="(anonymous_77)" hits="5" signature="()V">
              <lines>
                <line number="2108" hits="5"/>
              </lines>
            </method>
            <method name="(anonymous_78)" hits="3" signature="()V">
              <lines>
                <line number="2127" hits="3"/>
              </lines>
            </method>
            <method name="(anonymous_79)" hits="2" signature="()V">
              <lines>
                <line number="2142" hits="2"/>
              </lines>
            </method>
            <method name="(anonymous_80)" hits="2" signature="()V">
              <lines>
                <line number="2149" hits="2"/>
              </lines>
            </method>
            <method name="(anonymous_81)" hits="6" signature="()V">
              <lines>
                <line number="2154" hits="6"/>
              </lines>
            </method>
            <method name="(anonymous_82)" hits="9" signature="()V">
              <lines>
                <line number="2180" hits="9"/>
              </lines>
            </method>
            <method name="(anonymous_83)" hits="6" signature="()V">
              <lines>
                <line number="2187" hits="6"/>
              </lines>
            </method>
            <method name="(anonymous_84)" hits="17" signature="()V">
              <lines>
                <line number="2197" hits="17"/>
              </lines>
            </method>
            <method name="(anonymous_85)" hits="10" signature="()V">
              <lines>
                <line number="2201" hits="10"/>
              </lines>
            </method>
            <method name="(anonymous_86)" hits="0" signature="()V">
              <lines>
                <line number="2224" hits="0"/>
              </lines>
            </method>
            <method name="(anonymous_87)" hits="0" signature="()V">
              <lines>
                <line number="2231" hits="0"/>
              </lines>
            </method>
            <method name="(anonymous_88)" hits="0" signature="()V">
              <lines>
                <line number="2236" hits="0"/>
              </lines>
            </method>
            <method name="(anonymous_89)" hits="0" signature="()V">
              <lines>
                <line number="2272" hits="0"/>
              </lines>
            </method>
            <method name="(anonymous_90)" hits="0" signature="()V">
              <lines>
                <line number="2273" hits="0"/>
              </lines>
            </method>
            <method name="(anonymous_91)" hits="0" signature="()V">
              <lines>
                <line number="2294" hits="0"/>
              </lines>
            </method>
            <method name="(anonymous_92)" hits="2" signature="()V">
              <lines>
                <line number="2310" hits="2"/>
              </lines>
            </method>
            <method name="(anonymous_93)" hits="0" signature="()V">
              <lines>
                <line number="2319" hits="0"/>
              </lines>
            </method>
            <method name="(anonymous_94)" hits="0" signature="()V">
              <lines>
                <line number="2352" hits="0"/>
              </lines>
            </method>
            <method name="(anonymous_95)" hits="0" signature="()V">
              <lines>
                <line number="2355" hits="0"/>
              </lines>
            </method>
            <method name="(anonymous_96)" hits="0" signature="()V">
              <lines>
                <line number="2376" hits="0"/>
              </lines>
            </method>
            <method name="(anonymous_97)" hits="0" signature="()V">
              <lines>
                <line number="2379" hits="0"/>
              </lines>
            </method>
          </methods>
          <lines>
            <line number="12" hits="5" branch="false"/>
            <line number="16" hits="36" branch="true" condition-coverage="100% (2/2)"/>
            <line number="17" hits="30" branch="false"/>
            <line number="18" hits="30" branch="true" condition-coverage="100% (2/2)"/>
            <line number="20" hits="6" branch="false"/>
            <line number="24" hits="9" branch="true" condition-coverage="100% (4/4)"/>
            <line number="25" hits="7" branch="false"/>
            <line number="26" hits="7" branch="false"/>
            <line number="28" hits="7" branch="false"/>
            <line number="29" hits="18" branch="true" condition-coverage="100% (2/2)"/>
            <line number="30" hits="18" branch="true" condition-coverage="100% (2/2)"/>
            <line number="31" hits="10" branch="false"/>
            <line number="32" hits="10" branch="false"/>
            <line number="35" hits="7" branch="false"/>
            <line number="39" hits="11" branch="true" condition-coverage="100% (4/4)"/>
            <line number="40" hits="8" branch="false"/>
            <line number="41" hits="15" branch="false"/>
            <line number="42" hits="15" branch="false"/>
            <line number="43" hits="8" branch="true" condition-coverage="100% (2/2)"/>
            <line number="44" hits="6" branch="false"/>
            <line number="48" hits="9" branch="false"/>
            <line number="49" hits="9" branch="false"/>
            <line number="51" hits="9" branch="false"/>
            <line number="52" hits="27" branch="false"/>
            <line number="53" hits="51" branch="false"/>
            <line number="54" hits="51" branch="false"/>
            <line number="56" hits="27" branch="true" condition-coverage="100% (2/2)"/>
            <line number="58" hits="18" branch="true" condition-coverage="100% (5/5)"/>
            <line number="60" hits="4" branch="false"/>
            <line number="61" hits="4" branch="false"/>
            <line number="63" hits="4" branch="false"/>
            <line number="64" hits="4" branch="false"/>
            <line number="66" hits="4" branch="false"/>
            <line number="67" hits="4" branch="false"/>
            <line number="70" hits="6" branch="false"/>
            <line number="74" hits="9" branch="false"/>
            <line number="79" hits="67" branch="false"/>
            <line number="80" hits="67" branch="false"/>
            <line number="81" hits="1" branch="false"/>
            <line number="1077" hits="67" branch="false"/>
            <line number="1078" hits="67" branch="false"/>
            <line number="1079" hits="67" branch="false"/>
            <line number="1080" hits="67" branch="false"/>
            <line number="1081" hits="67" branch="false"/>
            <line number="1082" hits="67" branch="false"/>
            <line number="1083" hits="67" branch="false"/>
            <line number="1084" hits="67" branch="false"/>
            <line number="1085" hits="67" branch="false"/>
            <line number="1086" hits="67" branch="false"/>
            <line number="1087" hits="67" branch="false"/>
            <line number="1088" hits="67" branch="false"/>
            <line number="1089" hits="67" branch="false"/>
            <line number="1090" hits="67" branch="false"/>
            <line number="1091" hits="67" branch="false"/>
            <line number="1092" hits="67" branch="false"/>
            <line number="1093" hits="67" branch="false"/>
            <line number="1094" hits="67" branch="false"/>
            <line number="1098" hits="1" branch="true" condition-coverage="50% (1/2)"/>
            <line number="1099" hits="1" branch="false"/>
            <line number="1100" hits="1" branch="false"/>
            <line number="1101" hits="1" branch="false"/>
            <line number="1103" hits="1" branch="false"/>
            <line number="1104" hits="0" branch="false"/>
            <line number="1105" hits="0" branch="true" condition-coverage="0% (0/2)"/>
            <line number="1106" hits="0" branch="false"/>
            <line number="1113" hits="3" branch="true" condition-coverage="100% (4/4)"/>
            <line number="1116" hits="2" branch="false"/>
            <line number="1117" hits="2" branch="false"/>
            <line number="1120" hits="2" branch="true" condition-coverage="50% (1/2)"/>
            <line number="1121" hits="0" branch="false"/>
            <line number="1125" hits="2" branch="false"/>
            <line number="1126" hits="2" branch="false"/>
            <line number="1129" hits="2" branch="false"/>
            <line number="1130" hits="2" branch="false"/>
            <line number="1131" hits="0" branch="false"/>
            <line number="1132" hits="0" branch="false"/>
            <line number="1133" hits="0" branch="true" condition-coverage="0% (0/2)"/>
            <line number="1134" hits="0" branch="false"/>
            <line number="1135" hits="0" branch="false"/>
            <line number="1139" hits="2" branch="false"/>
            <line number="1140" hits="2" branch="false"/>
            <line number="1141" hits="1" branch="false"/>
            <line number="1143" hits="1" branch="false"/>
            <line number="1144" hits="1" branch="false"/>
            <line number="1147" hits="12" branch="false"/>
            <line number="1148" hits="1" branch="false"/>
            <line number="1153" hits="25" branch="false"/>
            <line number="1155" hits="1" branch="true" condition-coverage="50% (2/4)"/>
            <line number="1156" hits="0" branch="false"/>
            <line number="1158" hits="1" branch="false"/>
            <line number="1161" hits="1" branch="false"/>
            <line number="1162" hits="1" branch="false"/>
            <line number="1163" hits="1" branch="false"/>
            <line number="1166" hits="2" branch="false"/>
            <line number="1167" hits="2" branch="false"/>
            <line number="1168" hits="2" branch="false"/>
            <line number="1173" hits="1" branch="false"/>
            <line number="1174" hits="1" branch="false"/>
            <line number="1177" hits="1" branch="false"/>
            <line number="1178" hits="1" branch="false"/>
            <line number="1179" hits="1" branch="true" condition-coverage="50% (1/2)"/>
            <line number="1180" hits="1" branch="false"/>
            <line number="1181" hits="1" branch="false"/>
            <line number="1182" hits="1" branch="false"/>
            <line number="1183" hits="1" branch="false"/>
            <line number="1184" hits="1" branch="false"/>
            <line number="1185" hits="1" branch="false"/>
            <line number="1192" hits="4" branch="false"/>
            <line number="1193" hits="4" branch="false"/>
            <line number="1194" hits="4" branch="false"/>
            <line number="1198" hits="19" branch="false"/>
            <line number="1199" hits="19" branch="true" condition-coverage="100% (2/2)"/>
            <line number="1200" hits="17" branch="false"/>
            <line number="1205" hits="1" branch="false"/>
            <line number="1206" hits="1" branch="false"/>
            <line number="1211" hits="3" branch="false"/>
            <line number="1212" hits="3" branch="false"/>
            <line number="1213" hits="3" branch="true" condition-coverage="100% (2/2)"/>
            <line number="1214" hits="2" branch="false"/>
            <line number="1215" hits="2" branch="false"/>
            <line number="1216" hits="2" branch="false"/>
            <line number="1217" hits="2" branch="false"/>
            <line number="1219" hits="1" branch="false"/>
            <line number="1224" hits="2" branch="false"/>
            <line number="1228" hits="10" branch="false"/>
            <line number="1230" hits="32" branch="false"/>
            <line number="1232" hits="10" branch="false"/>
            <line number="1233" hits="32" branch="false"/>
            <line number="1236" hits="10" branch="false"/>
            <line number="1237" hits="34" branch="false"/>
            <line number="1240" hits="10" branch="false"/>
            <line number="1241" hits="22" branch="false"/>
            <line number="1242" hits="74" branch="true" condition-coverage="100% (2/2)"/>
            <line number="1243" hits="74" branch="false"/>
            <line number="1251" hits="10" branch="false"/>
            <line number="1261" hits="4" branch="false"/>
            <line number="1264" hits="4" branch="false"/>
            <line number="1271" hits="4" branch="false"/>
            <line number="1274" hits="4" branch="false"/>
            <line number="1275" hits="4" branch="false"/>
            <line number="1276" hits="4" branch="false"/>
            <line number="1279" hits="5" branch="false"/>
            <line number="1280" hits="5" branch="false"/>
            <line number="1284" hits="4" branch="false"/>
            <line number="1285" hits="12" branch="true" condition-coverage="100% (2/2)"/>
            <line number="1287" hits="4" branch="false"/>
            <line number="1289" hits="4" branch="false"/>
            <line number="1293" hits="0" branch="true" condition-coverage="0% (0/2)"/>
            <line number="1296" hits="4" branch="false"/>
            <line number="1299" hits="0" branch="false"/>
            <line number="1301" hits="4" branch="false"/>
            <line number="1304" hits="0" branch="false"/>
            <line number="1308" hits="4" branch="true" condition-coverage="100% (2/2)"/>
            <line number="1309" hits="1" branch="false"/>
            <line number="1310" hits="2" branch="false"/>
            <line number="1312" hits="1" branch="true" condition-coverage="50% (1/2)"/>
            <line number="1313" hits="1" branch="false"/>
            <line number="1314" hits="1" branch="false"/>
            <line number="1315" hits="1" branch="false"/>
            <line number="1316" hits="2" branch="false"/>
            <line number="1320" hits="2" branch="true" condition-coverage="100% (2/2)"/>
            <line number="1321" hits="1" branch="false"/>
            <line number="1322" hits="1" branch="false"/>
            <line number="1325" hits="1" branch="false"/>
            <line number="1329" hits="1" branch="false"/>
            <line number="1330" hits="2" branch="false"/>
            <line number="1336" hits="4" branch="true" condition-coverage="100% (2/2)"/>
            <line number="1337" hits="1" branch="false"/>
            <line number="1338" hits="1" branch="true" condition-coverage="50% (1/2)"/>
            <line number="1339" hits="1" branch="true" condition-coverage="50% (1/2)"/>
            <line number="1340" hits="1" branch="true" condition-coverage="50% (1/2)"/>
            <line number="1341" hits="1" branch="true" condition-coverage="50% (1/2)"/>
            <line number="1342" hits="1" branch="false"/>
            <line number="1343" hits="1" branch="false"/>
            <line number="1344" hits="1" branch="false"/>
            <line number="1348" hits="3" branch="true" condition-coverage="100% (2/2)"/>
            <line number="1349" hits="1" branch="false"/>
            <line number="1350" hits="1" branch="false"/>
            <line number="1351" hits="1" branch="false"/>
            <line number="1355" hits="3" branch="false"/>
            <line number="1356" hits="3" branch="true" condition-coverage="100% (2/2)"/>
            <line number="1357" hits="1" branch="false"/>
            <line number="1358" hits="1" branch="false"/>
            <line number="1360" hits="2" branch="false"/>
            <line number="1362" hits="3" branch="false"/>
            <line number="1363" hits="3" branch="false"/>
            <line number="1364" hits="3" branch="false"/>
            <line number="1365" hits="6" branch="false"/>
            <line number="1367" hits="3" branch="false"/>
            <line number="1370" hits="3" branch="true" condition-coverage="100% (2/2)"/>
            <line number="1371" hits="1" branch="false"/>
            <line number="1372" hits="1" branch="true" condition-coverage="50% (1/2)"/>
            <line number="1373" hits="1" branch="true" condition-coverage="50% (1/2)"/>
            <line number="1374" hits="1" branch="true" condition-coverage="50% (1/2)"/>
            <line number="1375" hits="1" branch="false"/>
            <line number="1376" hits="1" branch="false"/>
            <line number="1377" hits="3" branch="false"/>
            <line number="1379" hits="1" branch="false"/>
            <line number="1380" hits="1" branch="false"/>
            <line number="1381" hits="3" branch="false"/>
            <line number="1383" hits="1" branch="false"/>
            <line number="1384" hits="1" branch="false"/>
            <line number="1385" hits="2" branch="false"/>
            <line number="1386" hits="6" branch="false"/>
            <line number="1388" hits="2" branch="false"/>
            <line number="1391" hits="1" branch="false"/>
            <line number="1400" hits="1" branch="false"/>
            <line number="1401" hits="1" branch="false"/>
            <line number="1406" hits="3" branch="false"/>
            <line number="1410" hits="2" branch="true" condition-coverage="50% (1/2)"/>
            <line number="1411" hits="2" branch="false"/>
            <line number="1412" hits="2" branch="false"/>
            <line number="1417" hits="1" branch="false"/>
            <line number="1418" hits="1" branch="true" condition-coverage="50% (1/2)"/>
            <line number="1421" hits="1" branch="false"/>
            <line number="1422" hits="0" branch="false"/>
            <line number="1423" hits="0" branch="false"/>
            <line number="1424" hits="0" branch="false"/>
            <line number="1425" hits="0" branch="false"/>
            <line number="1426" hits="0" branch="true" condition-coverage="0% (0/2)"/>
            <line number="1430" hits="0" branch="false"/>
            <line number="1432" hits="0" branch="false"/>
            <line number="1437" hits="1" branch="false"/>
            <line number="1438" hits="0" branch="false"/>
            <line number="1439" hits="0" branch="false"/>
            <line number="1440" hits="0" branch="false"/>
            <line number="1441" hits="0" branch="false"/>
            <line number="1445" hits="1" branch="false"/>
            <line number="1446" hits="0" branch="true" condition-coverage="0% (0/2)"/>
            <line number="1447" hits="0" branch="false"/>
            <line number="1448" hits="0" branch="false"/>
            <line number="1449" hits="0" branch="false"/>
            <line number="1450" hits="0" branch="false"/>
            <line number="1451" hits="0" branch="false"/>
            <line number="1452" hits="0" branch="true" condition-coverage="0% (0/2)"/>
            <line number="1453" hits="0" branch="false"/>
            <line number="1454" hits="0" branch="false"/>
            <line number="1455" hits="0" branch="false"/>
            <line number="1456" hits="0" branch="false"/>
            <line number="1457" hits="0" branch="false"/>
            <line number="1458" hits="0" branch="false"/>
            <line number="1459" hits="0" branch="false"/>
            <line number="1465" hits="1" branch="false"/>
            <line number="1466" hits="0" branch="false"/>
            <line number="1469" hits="0" branch="true" condition-coverage="0% (0/2)"/>
            <line number="1470" hits="0" branch="false"/>
            <line number="1474" hits="0" branch="false"/>
            <line number="1478" hits="0" branch="false"/>
            <line number="1479" hits="0" branch="false"/>
            <line number="1480" hits="0" branch="false"/>
            <line number="1482" hits="0" branch="false"/>
            <line number="1483" hits="0" branch="false"/>
            <line number="1484" hits="0" branch="false"/>
            <line number="1488" hits="1" branch="false"/>
            <line number="1489" hits="0" branch="false"/>
            <line number="1490" hits="0" branch="false"/>
            <line number="1491" hits="0" branch="true" condition-coverage="0% (0/2)"/>
            <line number="1493" hits="0" branch="true" condition-coverage="0% (0/2)"/>
            <line number="1494" hits="0" branch="true" condition-coverage="0% (0/2)"/>
            <line number="1495" hits="0" branch="false"/>
            <line number="1496" hits="0" branch="true" condition-coverage="0% (0/2)"/>
            <line number="1497" hits="0" branch="false"/>
            <line number="1498" hits="0" branch="true" condition-coverage="0% (0/2)"/>
            <line number="1499" hits="0" branch="false"/>
            <line number="1502" hits="0" branch="true" condition-coverage="0% (0/2)"/>
            <line number="1503" hits="0" branch="true" condition-coverage="0% (0/2)"/>
            <line number="1505" hits="0" branch="true" condition-coverage="0% (0/2)"/>
            <line number="1506" hits="0" branch="false"/>
            <line number="1512" hits="0" branch="true" condition-coverage="0% (0/2)"/>
            <line number="1513" hits="0" branch="false"/>
            <line number="1517" hits="0" branch="false"/>
            <line number="1524" hits="0" branch="false"/>
            <line number="1525" hits="0" branch="false"/>
            <line number="1526" hits="0" branch="false"/>
            <line number="1529" hits="0" branch="false"/>
            <line number="1530" hits="0" branch="true" condition-coverage="0% (0/2)"/>
            <line number="1531" hits="0" branch="false"/>
            <line number="1532" hits="0" branch="true" condition-coverage="0% (0/2)"/>
            <line number="1533" hits="0" branch="true" condition-coverage="0% (0/2)"/>
            <line number="1534" hits="0" branch="false"/>
            <line number="1535" hits="0" branch="true" condition-coverage="0% (0/2)"/>
            <line number="1536" hits="0" branch="false"/>
            <line number="1537" hits="0" branch="false"/>
            <line number="1539" hits="0" branch="false"/>
            <line number="1540" hits="0" branch="false"/>
            <line number="1542" hits="0" branch="false"/>
            <line number="1543" hits="0" branch="false"/>
            <line number="1545" hits="0" branch="false"/>
            <line number="1547" hits="0" branch="false"/>
            <line number="1551" hits="1" branch="true" condition-coverage="50% (1/2)"/>
            <line number="1552" hits="0" branch="false"/>
            <line number="1553" hits="0" branch="false"/>
            <line number="1554" hits="0" branch="true" condition-coverage="0% (0/2)"/>
            <line number="1556" hits="0" branch="true" condition-coverage="0% (0/2)"/>
            <line number="1557" hits="0" branch="false"/>
            <line number="1558" hits="0" branch="false"/>
            <line number="1559" hits="0" branch="false"/>
            <line number="1563" hits="0" branch="false"/>
            <line number="1564" hits="0" branch="false"/>
            <line number="1565" hits="0" branch="false"/>
            <line number="1567" hits="0" branch="false"/>
            <line number="1569" hits="0" branch="false"/>
            <line number="1570" hits="0" branch="true" condition-coverage="0% (0/2)"/>
            <line number="1572" hits="0" branch="false"/>
            <line number="1577" hits="0" branch="false"/>
            <line number="1579" hits="0" branch="true" condition-coverage="0% (0/2)"/>
            <line number="1580" hits="0" branch="true" condition-coverage="0% (0/2)"/>
            <line number="1583" hits="0" branch="true" condition-coverage="0% (0/2)"/>
            <line number="1585" hits="0" branch="false"/>
            <line number="1588" hits="0" branch="true" condition-coverage="0% (0/4)"/>
            <line number="1589" hits="0" branch="false"/>
            <line number="1590" hits="0" branch="false"/>
            <line number="1593" hits="0" branch="false"/>
            <line number="1594" hits="0" branch="false"/>
            <line number="1595" hits="0" branch="true" condition-coverage="0% (0/2)"/>
            <line number="1596" hits="0" branch="false"/>
            <line number="1597" hits="0" branch="false"/>
            <line number="1598" hits="0" branch="false"/>
            <line number="1602" hits="0" branch="false"/>
            <line number="1606" hits="0" branch="false"/>
            <line number="1607" hits="0" branch="true" condition-coverage="0% (0/4)"/>
            <line number="1608" hits="0" branch="false"/>
            <line number="1609" hits="0" branch="false"/>
            <line number="1610" hits="0" branch="false"/>
            <line number="1614" hits="0" branch="false"/>
            <line number="1615" hits="0" branch="false"/>
            <line number="1616" hits="0" branch="false"/>
            <line number="1617" hits="0" branch="true" condition-coverage="0% (0/2)"/>
            <line number="1618" hits="0" branch="true" condition-coverage="0% (0/2)"/>
            <line number="1621" hits="0" branch="false"/>
            <line number="1622" hits="0" branch="false"/>
            <line number="1626" hits="0" branch="false"/>
            <line number="1629" hits="0" branch="true" condition-coverage="0% (0/2)"/>
            <line number="1630" hits="0" branch="false"/>
            <line number="1631" hits="0" branch="false"/>
            <line number="1632" hits="0" branch="false"/>
            <line number="1633" hits="0" branch="false"/>
            <line number="1634" hits="0" branch="false"/>
            <line number="1635" hits="0" branch="false"/>
            <line number="1637" hits="0" branch="true" condition-coverage="0% (0/2)"/>
            <line number="1638" hits="0" branch="false"/>
            <line number="1640" hits="0" branch="false"/>
            <line number="1642" hits="0" branch="false"/>
            <line number="1643" hits="0" branch="false"/>
            <line number="1647" hits="1" branch="false"/>
            <line number="1648" hits="0" branch="false"/>
            <line number="1650" hits="1" branch="false"/>
            <line number="1651" hits="1" branch="true" condition-coverage="50% (1/2)"/>
            <line number="1652" hits="0" branch="false"/>
            <line number="1654" hits="1" branch="false"/>
            <line number="1655" hits="1" branch="false"/>
            <line number="1656" hits="1" branch="false"/>
            <line number="1658" hits="1" branch="false"/>
            <line number="1663" hits="6" branch="false"/>
            <line number="1664" hits="6" branch="false"/>
            <line number="1666" hits="6" branch="false"/>
            <line number="1667" hits="10" branch="false"/>
            <line number="1670" hits="6" branch="false"/>
            <line number="1676" hits="4" branch="false"/>
            <line number="1677" hits="4" branch="false"/>
            <line number="1679" hits="4" branch="false"/>
            <line number="1680" hits="4" branch="true" condition-coverage="50% (1/2)"/>
            <line number="1682" hits="4" branch="false"/>
            <line number="1686" hits="4" branch="false"/>
            <line number="1691" hits="4" branch="false"/>
            <line number="1692" hits="4" branch="false"/>
            <line number="1693" hits="0" branch="false"/>
            <line number="1694" hits="0" branch="false"/>
            <line number="1697" hits="0" branch="true" condition-coverage="0% (0/4)"/>
            <line number="1699" hits="0" branch="false"/>
            <line number="1702" hits="0" branch="false"/>
            <line number="1705" hits="4" branch="false"/>
            <line number="1708" hits="2" branch="false"/>
            <line number="1711" hits="2" branch="false"/>
            <line number="1714" hits="2" branch="false"/>
            <line number="1717" hits="2" branch="false"/>
            <line number="1721" hits="2" branch="false"/>
            <line number="1722" hits="2" branch="false"/>
            <line number="1723" hits="2" branch="false"/>
            <line number="1724" hits="2" branch="false"/>
            <line number="1727" hits="2" branch="false"/>
            <line number="1728" hits="2" branch="false"/>
            <line number="1729" hits="2" branch="false"/>
            <line number="1730" hits="2" branch="false"/>
            <line number="1731" hits="2" branch="false"/>
            <line number="1732" hits="2" branch="false"/>
            <line number="1733" hits="2" branch="false"/>
            <line number="1741" hits="7" branch="false"/>
            <line number="1742" hits="7" branch="true" condition-coverage="50% (1/2)"/>
            <line number="1743" hits="7" branch="true" condition-coverage="100% (2/2)"/>
            <line number="1744" hits="2" branch="false"/>
            <line number="1745" hits="2" branch="false"/>
            <line number="1747" hits="7" branch="false"/>
            <line number="1751" hits="7" branch="false"/>
            <line number="1752" hits="4" branch="false"/>
            <line number="1753" hits="4" branch="false"/>
            <line number="1754" hits="42" branch="false"/>
            <line number="1755" hits="114" branch="true" condition-coverage="100% (2/2)"/>
            <line number="1756" hits="2" branch="false"/>
            <line number="1760" hits="2" branch="false"/>
            <line number="1764" hits="7" branch="false"/>
            <line number="1765" hits="2" branch="false"/>
            <line number="1766" hits="2" branch="false"/>
            <line number="1767" hits="1" branch="true" condition-coverage="50% (1/2)"/>
            <line number="1769" hits="1" branch="true" condition-coverage="50% (1/2)"/>
            <line number="1770" hits="1" branch="false"/>
            <line number="1771" hits="5" branch="false"/>
            <line number="1772" hits="0" branch="true" condition-coverage="0% (0/2)"/>
            <line number="1776" hits="1" branch="false"/>
            <line number="1777" hits="0" branch="true" condition-coverage="0% (0/2)"/>
            <line number="1779" hits="1" branch="false"/>
            <line number="1783" hits="7" branch="false"/>
            <line number="1807" hits="7" branch="false"/>
            <line number="1808" hits="7" branch="false"/>
            <line number="1809" hits="7" branch="false"/>
            <line number="1923" hits="7" branch="false"/>
            <line number="1924" hits="7" branch="false"/>
            <line number="1925" hits="0" branch="false"/>
            <line number="1929" hits="7" branch="false"/>
            <line number="1930" hits="0" branch="true" condition-coverage="0% (0/2)"/>
            <line number="1931" hits="0" branch="false"/>
            <line number="1932" hits="0" branch="false"/>
            <line number="1934" hits="0" branch="false"/>
            <line number="1936" hits="7" branch="false"/>
            <line number="1937" hits="7" branch="false"/>
            <line number="1938" hits="7" branch="false"/>
            <line number="1939" hits="7" branch="false"/>
            <line number="1940" hits="0" branch="true" condition-coverage="0% (0/2)"/>
            <line number="1944" hits="7" branch="false"/>
            <line number="1945" hits="7" branch="false"/>
            <line number="1946" hits="7" branch="false"/>
            <line number="1948" hits="7" branch="false"/>
            <line number="1949" hits="7" branch="false"/>
            <line number="1950" hits="7" branch="false"/>
            <line number="1955" hits="5" branch="true" condition-coverage="100% (2/2)"/>
            <line number="1956" hits="4" branch="false"/>
            <line number="1957" hits="4" branch="true" condition-coverage="100% (2/2)"/>
            <line number="1958" hits="4" branch="false"/>
            <line number="1960" hits="4" branch="false"/>
            <line number="1961" hits="4" branch="false"/>
            <line number="1962" hits="4" branch="false"/>
            <line number="1965" hits="4" branch="true" condition-coverage="100% (2/2)"/>
            <line number="1966" hits="1" branch="false"/>
            <line number="1967" hits="1" branch="false"/>
            <line number="1968" hits="1" branch="true" condition-coverage="50% (1/2)"/>
            <line number="1969" hits="1" branch="true" condition-coverage="50% (1/2)"/>
            <line number="1970" hits="1" branch="false"/>
            <line number="1971" hits="1" branch="false"/>
            <line number="1972" hits="1" branch="false"/>
            <line number="1973" hits="1" branch="false"/>
            <line number="1974" hits="1" branch="true" condition-coverage="50% (1/2)"/>
            <line number="1975" hits="1" branch="false"/>
            <line number="1986" hits="1" branch="false"/>
            <line number="1987" hits="1" branch="false"/>
            <line number="1989" hits="1" branch="false"/>
            <line number="1993" hits="1" branch="false"/>
            <line number="2001" hits="3" branch="false"/>
            <line number="2002" hits="3" branch="false"/>
            <line number="2003" hits="3" branch="true" condition-coverage="100% (2/2)"/>
            <line number="2004" hits="3" branch="true" condition-coverage="100% (2/2)"/>
            <line number="2005" hits="2" branch="false"/>
            <line number="2006" hits="2" branch="false"/>
            <line number="2014" hits="2" branch="false"/>
            <line number="2023" hits="3" branch="true" condition-coverage="50% (1/2)"/>
            <line number="2024" hits="0" branch="false"/>
            <line number="2025" hits="0" branch="false"/>
            <line number="2027" hits="3" branch="false"/>
            <line number="2033" hits="4" branch="false"/>
            <line number="2034" hits="4" branch="false"/>
            <line number="2035" hits="4" branch="false"/>
            <line number="2036" hits="4" branch="false"/>
            <line number="2043" hits="6" branch="false"/>
            <line number="2054" hits="6" branch="false"/>
            <line number="2055" hits="6" branch="true" condition-coverage="100% (2/2)"/>
            <line number="2056" hits="6" branch="false"/>
            <line number="2057" hits="6" branch="false"/>
            <line number="2062" hits="3" branch="false"/>
            <line number="2063" hits="3" branch="false"/>
            <line number="2066" hits="3" branch="false"/>
            <line number="2067" hits="2" branch="true" condition-coverage="50% (1/2)"/>
            <line number="2068" hits="2" branch="false"/>
            <line number="2074" hits="2" branch="false"/>
            <line number="2075" hits="2" branch="false"/>
            <line number="2078" hits="2" branch="false"/>
            <line number="2079" hits="2" branch="false"/>
            <line number="2084" hits="3" branch="false"/>
            <line number="2085" hits="2" branch="true" condition-coverage="75% (3/4)"/>
            <line number="2086" hits="2" branch="false"/>
            <line number="2087" hits="2" branch="false"/>
            <line number="2088" hits="6" branch="true" condition-coverage="100% (2/2)"/>
            <line number="2089" hits="2" branch="false"/>
            <line number="2096" hits="3" branch="false"/>
            <line number="2097" hits="3" branch="true" condition-coverage="100% (2/2)"/>
            <line number="2098" hits="2" branch="false"/>
            <line number="2099" hits="2" branch="false"/>
            <line number="2104" hits="3" branch="false"/>
            <line number="2109" hits="5" branch="false"/>
            <line number="2110" hits="5" branch="false"/>
            <line number="2112" hits="5" branch="false"/>
            <line number="2113" hits="5" branch="false"/>
            <line number="2114" hits="4" branch="false"/>
            <line number="2115" hits="4" branch="true" condition-coverage="75% (3/4)"/>
            <line number="2116" hits="4" branch="false"/>
            <line number="2118" hits="4" branch="false"/>
            <line number="2119" hits="8" branch="true" condition-coverage="100% (2/2)"/>
            <line number="2120" hits="3" branch="true" condition-coverage="50% (1/2)"/>
            <line number="2121" hits="3" branch="false"/>
            <line number="2127" hits="3" branch="false"/>
            <line number="2128" hits="3" branch="true" condition-coverage="50% (1/2)"/>
            <line number="2129" hits="3" branch="false"/>
            <line number="2137" hits="5" branch="false"/>
            <line number="2143" hits="2" branch="false"/>
            <line number="2144" hits="2" branch="false"/>
            <line number="2145" hits="2" branch="false"/>
            <line number="2146" hits="2" branch="false"/>
            <line number="2150" hits="2" branch="false"/>
            <line number="2151" hits="2" branch="false"/>
            <line number="2152" hits="2" branch="false"/>
            <line number="2155" hits="6" branch="false"/>
            <line number="2156" hits="6" branch="false"/>
            <line number="2161" hits="5" branch="true" condition-coverage="100% (2/2)"/>
            <line number="2162" hits="2" branch="true" condition-coverage="50% (1/2)"/>
            <line number="2163" hits="2" branch="false"/>
            <line number="2164" hits="2" branch="true" condition-coverage="100% (2/2)"/>
            <line number="2166" hits="0" branch="false"/>
            <line number="2167" hits="0" branch="false"/>
            <line number="2170" hits="3" branch="false"/>
            <line number="2171" hits="3" branch="false"/>
            <line number="2175" hits="1" branch="false"/>
            <line number="2176" hits="1" branch="false"/>
            <line number="2183" hits="9" branch="false"/>
            <line number="2184" hits="9" branch="false"/>
            <line number="2188" hits="6" branch="false"/>
            <line number="2189" hits="6" branch="false"/>
            <line number="2190" hits="6" branch="true" condition-coverage="50% (1/2)"/>
            <line number="2191" hits="6" branch="false"/>
            <line number="2198" hits="17" branch="false"/>
            <line number="2199" hits="17" branch="false"/>
            <line number="2201" hits="17" branch="false"/>
            <line number="2202" hits="10" branch="false"/>
            <line number="2203" hits="10" branch="true" condition-coverage="100% (2/2)"/>
            <line number="2206" hits="10" branch="true" condition-coverage="100% (2/2)"/>
            <line number="2207" hits="6" branch="false"/>
            <line number="2208" hits="6" branch="false"/>
            <line number="2209" hits="6" branch="false"/>
            <line number="2210" hits="6" branch="false"/>
            <line number="2213" hits="10" branch="false"/>
            <line number="2214" hits="10" branch="false"/>
            <line number="2217" hits="10" branch="true" condition-coverage="100% (4/4)"/>
            <line number="2218" hits="1" branch="false"/>
            <line number="2219" hits="1" branch="false"/>
            <line number="2221" hits="1" branch="false"/>
            <line number="2222" hits="1" branch="false"/>
            <line number="2223" hits="1" branch="false"/>
            <line number="2224" hits="1" branch="false"/>
            <line number="2225" hits="0" branch="false"/>
            <line number="2228" hits="1" branch="false"/>
            <line number="2229" hits="1" branch="false"/>
            <line number="2230" hits="1" branch="false"/>
            <line number="2231" hits="1" branch="false"/>
            <line number="2233" hits="1" branch="false"/>
            <line number="2234" hits="1" branch="false"/>
            <line number="2235" hits="1" branch="false"/>
            <line number="2236" hits="1" branch="false"/>
            <line number="2238" hits="1" branch="false"/>
            <line number="2240" hits="1" branch="false"/>
            <line number="2242" hits="1" branch="false"/>
            <line number="2244" hits="1" branch="false"/>
            <line number="2247" hits="9" branch="false"/>
            <line number="2250" hits="9" branch="false"/>
            <line number="2252" hits="9" branch="true" condition-coverage="100% (2/2)"/>
            <line number="2255" hits="1" branch="false"/>
            <line number="2258" hits="1" branch="true" condition-coverage="50% (1/2)"/>
            <line number="2259" hits="1" branch="false"/>
            <line number="2260" hits="1" branch="false"/>
            <line number="2261" hits="1" branch="false"/>
            <line number="2265" hits="1" branch="true" condition-coverage="50% (1/2)"/>
            <line number="2266" hits="1" branch="false"/>
            <line number="2267" hits="1" branch="false"/>
            <line number="2268" hits="1" branch="false"/>
            <line number="2269" hits="1" branch="false"/>
            <line number="2272" hits="1" branch="false"/>
            <line number="2273" hits="0" branch="false"/>
            <line number="2274" hits="0" branch="false"/>
            <line number="2275" hits="0" branch="false"/>
            <line number="2278" hits="0" branch="false"/>
            <line number="2282" hits="1" branch="false"/>
            <line number="2286" hits="8" branch="false"/>
            <line number="2290" hits="9" branch="true" condition-coverage="100% (2/2)"/>
            <line number="2291" hits="3" branch="false"/>
            <line number="2292" hits="3" branch="false"/>
            <line number="2293" hits="3" branch="false"/>
            <line number="2294" hits="3" branch="false"/>
            <line number="2296" hits="3" branch="false"/>
            <line number="2299" hits="9" branch="false"/>
            <line number="2302" hits="10" branch="false"/>
            <line number="2303" hits="10" branch="false"/>
            <line number="2307" hits="17" branch="false"/>
            <line number="2311" hits="2" branch="false"/>
            <line number="2312" hits="2" branch="false"/>
            <line number="2320" hits="0" branch="false"/>
            <line number="2352" hits="0" branch="false"/>
            <line number="2355" hits="0" branch="false"/>
            <line number="2376" hits="0" branch="false"/>
            <line number="2379" hits="0" branch="false"/>
            <line number="2408" hits="1" branch="false"/>
          </lines>
        </class>
        <class name="conversation.js" filename="static/js/conversation.js" line-rate="1" branch-rate="1">
          <methods>
            <method name="(anonymous_0)" hits="7" signature="()V">
              <lines>
                <line number="130" hits="7"/>
              </lines>
            </method>
            <method name="extractMessages" hits="6" signature="()V">
              <lines>
                <line number="258" hits="6"/>
              </lines>
            </method>
            <method name="traverse" hits="182" signature="()V">
              <lines>
                <line number="261" hits="182"/>
              </lines>
            </method>
          </methods>
          <lines>
            <line number="1" hits="2" branch="false"/>
            <line number="131" hits="7" branch="false"/>
            <line number="132" hits="7" branch="false"/>
            <line number="138" hits="5" branch="true" condition-coverage="100% (2/2)"/>
            <line number="139" hits="2" branch="false"/>
            <line number="140" hits="2" branch="false"/>
            <line number="143" hits="3" branch="false"/>
            <line number="144" hits="3" branch="true" condition-coverage="100% (2/2)"/>
            <line number="146" hits="4" branch="false"/>
            <line number="147" hits="4" branch="false"/>
            <line number="259" hits="6" branch="false"/>
            <line number="262" hits="182" branch="true" condition-coverage="100% (2/2)"/>
            <line number="263" hits="41" branch="false"/>
            <line number="265" hits="182" branch="true" condition-coverage="100% (2/2)"/>
            <line number="266" hits="28" branch="false"/>
            <line number="267" hits="138" branch="false"/>
            <line number="270" hits="182" branch="true" condition-coverage="100% (2/2)"/>
            <line number="271" hits="5" branch="false"/>
            <line number="272" hits="38" branch="false"/>
            <line number="277" hits="6" branch="false"/>
            <line number="278" hits="6" branch="false"/>
          </lines>
        </class>
      </classes>
    </package>
  </packages>
</coverage>
