TN:
SF:static/js/chat-bot-component.js
FN:11,(anonymous_0)
FN:15,(anonymous_1)
FN:23,(anonymous_2)
FN:28,(anonymous_3)
FN:38,(anonymous_4)
FN:41,(anonymous_5)
FN:42,(anonymous_6)
FN:44,(anonymous_7)
FN:47,(anonymous_8)
FN:53,(anonymous_9)
FN:54,(anonymous_10)
FN:1076,(anonymous_11)
FN:1096,(anonymous_12)
FN:1103,(anonymous_13)
FN:1112,(anonymous_14)
FN:1130,(anonymous_15)
FN:1147,(anonymous_16)
FN:1153,(anonymous_17)
FN:1172,(anonymous_18)
FN:1177,(anonymous_19)
FN:1182,(anonymous_20)
FN:1191,(anonymous_21)
FN:1197,(anonymous_22)
FN:1204,(anonymous_23)
FN:1210,(anonymous_24)
FN:1223,(anonymous_25)
FN:1227,(anonymous_26)
FN:1230,(anonymous_27)
FN:1254,(anonymous_28)
FN:1278,(anonymous_29)
FN:1284,(anonymous_30)
FN:1292,(anonymous_31)
FN:1299,(anonymous_32)
FN:1304,(anonymous_33)
FN:1310,(anonymous_34)
FN:1330,(anonymous_35)
FN:1376,(anonymous_36)
FN:1380,(anonymous_37)
FN:1384,(anonymous_38)
FN:1385,(anonymous_39)
FN:1409,(anonymous_40)
FN:1416,(anonymous_41)
FN:1421,(anonymous_42)
FN:1423,(anonymous_43)
FN:1437,(anonymous_44)
FN:1445,(anonymous_45)
FN:1454,(anonymous_46)
FN:1465,(anonymous_47)
FN:1488,(anonymous_48)
FN:1564,(anonymous_49)
FN:1565,(anonymous_50)
FN:1585,(anonymous_51)
FN:1593,(anonymous_52)
FN:1596,(anonymous_53)
FN:1614,(anonymous_54)
FN:1617,(anonymous_55)
FN:1618,(anonymous_56)
FN:1648,(anonymous_57)
FN:1662,(anonymous_58)
FN:1666,(anonymous_59)
FN:1674,(anonymous_60)
FN:1692,(anonymous_61)
FN:1739,(anonymous_62)
FN:1751,(anonymous_63)
FN:1764,(anonymous_64)
FN:1924,(anonymous_65)
FN:1929,(anonymous_66)
FN:1939,(anonymous_67)
FN:1972,(anonymous_68)
FN:2041,(anonymous_69)
FN:2061,(anonymous_70)
FN:2066,(anonymous_71)
FN:2074,(anonymous_72)
FN:2084,(anonymous_73)
FN:2087,(anonymous_74)
FN:2096,(anonymous_75)
FN:2098,(anonymous_76)
FN:2108,(anonymous_77)
FN:2127,(anonymous_78)
FN:2142,(anonymous_79)
FN:2149,(anonymous_80)
FN:2154,(anonymous_81)
FN:2180,(anonymous_82)
FN:2187,(anonymous_83)
FN:2197,(anonymous_84)
FN:2201,(anonymous_85)
FN:2224,(anonymous_86)
FN:2231,(anonymous_87)
FN:2236,(anonymous_88)
FN:2272,(anonymous_89)
FN:2273,(anonymous_90)
FN:2294,(anonymous_91)
FN:2310,(anonymous_92)
FN:2319,(anonymous_93)
FN:2352,(anonymous_94)
FN:2355,(anonymous_95)
FN:2376,(anonymous_96)
FN:2379,(anonymous_97)
FNF:98
FNH:62
FNDA:5,(anonymous_0)
FNDA:36,(anonymous_1)
FNDA:9,(anonymous_2)
FNDA:18,(anonymous_3)
FNDA:11,(anonymous_4)
FNDA:15,(anonymous_5)
FNDA:15,(anonymous_6)
FNDA:6,(anonymous_7)
FNDA:9,(anonymous_8)
FNDA:51,(anonymous_9)
FNDA:51,(anonymous_10)
FNDA:67,(anonymous_11)
FNDA:1,(anonymous_12)
FNDA:0,(anonymous_13)
FNDA:3,(anonymous_14)
FNDA:0,(anonymous_15)
FNDA:12,(anonymous_16)
FNDA:25,(anonymous_17)
FNDA:1,(anonymous_18)
FNDA:1,(anonymous_19)
FNDA:1,(anonymous_20)
FNDA:4,(anonymous_21)
FNDA:19,(anonymous_22)
FNDA:1,(anonymous_23)
FNDA:3,(anonymous_24)
FNDA:2,(anonymous_25)
FNDA:10,(anonymous_26)
FNDA:32,(anonymous_27)
FNDA:4,(anonymous_28)
FNDA:5,(anonymous_29)
FNDA:12,(anonymous_30)
FNDA:0,(anonymous_31)
FNDA:0,(anonymous_32)
FNDA:0,(anonymous_33)
FNDA:2,(anonymous_34)
FNDA:2,(anonymous_35)
FNDA:3,(anonymous_36)
FNDA:3,(anonymous_37)
FNDA:2,(anonymous_38)
FNDA:6,(anonymous_39)
FNDA:2,(anonymous_40)
FNDA:1,(anonymous_41)
FNDA:0,(anonymous_42)
FNDA:0,(anonymous_43)
FNDA:0,(anonymous_44)
FNDA:0,(anonymous_45)
FNDA:0,(anonymous_46)
FNDA:0,(anonymous_47)
FNDA:0,(anonymous_48)
FNDA:0,(anonymous_49)
FNDA:0,(anonymous_50)
FNDA:0,(anonymous_51)
FNDA:0,(anonymous_52)
FNDA:0,(anonymous_53)
FNDA:0,(anonymous_54)
FNDA:0,(anonymous_55)
FNDA:0,(anonymous_56)
FNDA:0,(anonymous_57)
FNDA:6,(anonymous_58)
FNDA:10,(anonymous_59)
FNDA:4,(anonymous_60)
FNDA:0,(anonymous_61)
FNDA:7,(anonymous_62)
FNDA:4,(anonymous_63)
FNDA:2,(anonymous_64)
FNDA:0,(anonymous_65)
FNDA:0,(anonymous_66)
FNDA:0,(anonymous_67)
FNDA:1,(anonymous_68)
FNDA:6,(anonymous_69)
FNDA:3,(anonymous_70)
FNDA:2,(anonymous_71)
FNDA:2,(anonymous_72)
FNDA:2,(anonymous_73)
FNDA:6,(anonymous_74)
FNDA:3,(anonymous_75)
FNDA:2,(anonymous_76)
FNDA:5,(anonymous_77)
FNDA:3,(anonymous_78)
FNDA:2,(anonymous_79)
FNDA:2,(anonymous_80)
FNDA:6,(anonymous_81)
FNDA:9,(anonymous_82)
FNDA:6,(anonymous_83)
FNDA:17,(anonymous_84)
FNDA:10,(anonymous_85)
FNDA:0,(anonymous_86)
FNDA:0,(anonymous_87)
FNDA:0,(anonymous_88)
FNDA:0,(anonymous_89)
FNDA:0,(anonymous_90)
FNDA:0,(anonymous_91)
FNDA:2,(anonymous_92)
FNDA:0,(anonymous_93)
FNDA:0,(anonymous_94)
FNDA:0,(anonymous_95)
FNDA:0,(anonymous_96)
FNDA:0,(anonymous_97)
DA:12,5
DA:16,36
DA:17,30
DA:18,30
DA:20,6
DA:24,9
DA:25,7
DA:26,7
DA:28,7
DA:29,18
DA:30,18
DA:31,10
DA:32,10
DA:35,7
DA:39,11
DA:40,8
DA:41,15
DA:42,15
DA:43,8
DA:44,6
DA:48,9
DA:49,9
DA:51,9
DA:52,27
DA:53,51
DA:54,51
DA:56,27
DA:58,18
DA:60,4
DA:61,4
DA:63,4
DA:64,4
DA:66,4
DA:67,4
DA:70,6
DA:74,9
DA:79,67
DA:80,67
DA:81,1
DA:1077,67
DA:1078,67
DA:1079,67
DA:1080,67
DA:1081,67
DA:1082,67
DA:1083,67
DA:1084,67
DA:1085,67
DA:1086,67
DA:1087,67
DA:1088,67
DA:1089,67
DA:1090,67
DA:1091,67
DA:1092,67
DA:1093,67
DA:1094,67
DA:1098,1
DA:1099,1
DA:1100,1
DA:1101,1
DA:1103,1
DA:1104,0
DA:1105,0
DA:1106,0
DA:1113,3
DA:1116,2
DA:1117,2
DA:1120,2
DA:1121,0
DA:1125,2
DA:1126,2
DA:1129,2
DA:1130,2
DA:1131,0
DA:1132,0
DA:1133,0
DA:1134,0
DA:1135,0
DA:1139,2
DA:1140,2
DA:1141,1
DA:1143,1
DA:1144,1
DA:1147,12
DA:1148,1
DA:1153,25
DA:1155,1
DA:1156,0
DA:1158,1
DA:1161,1
DA:1162,1
DA:1163,1
DA:1166,2
DA:1167,2
DA:1168,2
DA:1173,1
DA:1174,1
DA:1177,1
DA:1178,1
DA:1179,1
DA:1180,1
DA:1181,1
DA:1182,1
DA:1183,1
DA:1184,1
DA:1185,1
DA:1192,4
DA:1193,4
DA:1194,4
DA:1198,19
DA:1199,19
DA:1200,17
DA:1205,1
DA:1206,1
DA:1211,3
DA:1212,3
DA:1213,3
DA:1214,2
DA:1215,2
DA:1216,2
DA:1217,2
DA:1219,1
DA:1224,2
DA:1228,10
DA:1230,32
DA:1232,10
DA:1233,32
DA:1236,10
DA:1237,34
DA:1240,10
DA:1241,22
DA:1242,74
DA:1243,74
DA:1251,10
DA:1261,4
DA:1264,4
DA:1271,4
DA:1274,4
DA:1275,4
DA:1276,4
DA:1279,5
DA:1280,5
DA:1284,4
DA:1285,12
DA:1287,4
DA:1289,4
DA:1293,0
DA:1296,4
DA:1299,0
DA:1301,4
DA:1304,0
DA:1308,4
DA:1309,1
DA:1310,2
DA:1312,1
DA:1313,1
DA:1314,1
DA:1315,1
DA:1316,2
DA:1320,2
DA:1321,1
DA:1322,1
DA:1325,1
DA:1329,1
DA:1330,2
DA:1336,4
DA:1337,1
DA:1338,1
DA:1339,1
DA:1340,1
DA:1341,1
DA:1342,1
DA:1343,1
DA:1344,1
DA:1348,3
DA:1349,1
DA:1350,1
DA:1351,1
DA:1355,3
DA:1356,3
DA:1357,1
DA:1358,1
DA:1360,2
DA:1362,3
DA:1363,3
DA:1364,3
DA:1365,6
DA:1367,3
DA:1370,3
DA:1371,1
DA:1372,1
DA:1373,1
DA:1374,1
DA:1375,1
DA:1376,1
DA:1377,3
DA:1379,1
DA:1380,1
DA:1381,3
DA:1383,1
DA:1384,1
DA:1385,2
DA:1386,6
DA:1388,2
DA:1391,1
DA:1400,1
DA:1401,1
DA:1406,3
DA:1410,2
DA:1411,2
DA:1412,2
DA:1417,1
DA:1418,1
DA:1421,1
DA:1422,0
DA:1423,0
DA:1424,0
DA:1425,0
DA:1426,0
DA:1430,0
DA:1432,0
DA:1437,1
DA:1438,0
DA:1439,0
DA:1440,0
DA:1441,0
DA:1445,1
DA:1446,0
DA:1447,0
DA:1448,0
DA:1449,0
DA:1450,0
DA:1451,0
DA:1452,0
DA:1453,0
DA:1454,0
DA:1455,0
DA:1456,0
DA:1457,0
DA:1458,0
DA:1459,0
DA:1465,1
DA:1466,0
DA:1469,0
DA:1470,0
DA:1474,0
DA:1478,0
DA:1479,0
DA:1480,0
DA:1482,0
DA:1483,0
DA:1484,0
DA:1488,1
DA:1489,0
DA:1490,0
DA:1491,0
DA:1493,0
DA:1494,0
DA:1495,0
DA:1496,0
DA:1497,0
DA:1498,0
DA:1499,0
DA:1502,0
DA:1503,0
DA:1505,0
DA:1506,0
DA:1512,0
DA:1513,0
DA:1517,0
DA:1524,0
DA:1525,0
DA:1526,0
DA:1529,0
DA:1530,0
DA:1531,0
DA:1532,0
DA:1533,0
DA:1534,0
DA:1535,0
DA:1536,0
DA:1537,0
DA:1539,0
DA:1540,0
DA:1542,0
DA:1543,0
DA:1545,0
DA:1547,0
DA:1551,1
DA:1552,0
DA:1553,0
DA:1554,0
DA:1556,0
DA:1557,0
DA:1558,0
DA:1559,0
DA:1563,0
DA:1564,0
DA:1565,0
DA:1567,0
DA:1569,0
DA:1570,0
DA:1572,0
DA:1577,0
DA:1579,0
DA:1580,0
DA:1583,0
DA:1585,0
DA:1588,0
DA:1589,0
DA:1590,0
DA:1593,0
DA:1594,0
DA:1595,0
DA:1596,0
DA:1597,0
DA:1598,0
DA:1602,0
DA:1606,0
DA:1607,0
DA:1608,0
DA:1609,0
DA:1610,0
DA:1614,0
DA:1615,0
DA:1616,0
DA:1617,0
DA:1618,0
DA:1621,0
DA:1622,0
DA:1626,0
DA:1629,0
DA:1630,0
DA:1631,0
DA:1632,0
DA:1633,0
DA:1634,0
DA:1635,0
DA:1637,0
DA:1638,0
DA:1640,0
DA:1642,0
DA:1643,0
DA:1647,1
DA:1648,0
DA:1650,1
DA:1651,1
DA:1652,0
DA:1654,1
DA:1655,1
DA:1656,1
DA:1658,1
DA:1663,6
DA:1664,6
DA:1666,6
DA:1667,10
DA:1670,6
DA:1676,4
DA:1677,4
DA:1679,4
DA:1680,4
DA:1682,4
DA:1686,4
DA:1691,4
DA:1692,4
DA:1693,0
DA:1694,0
DA:1697,0
DA:1699,0
DA:1702,0
DA:1705,4
DA:1708,2
DA:1711,2
DA:1714,2
DA:1717,2
DA:1721,2
DA:1722,2
DA:1723,2
DA:1724,2
DA:1727,2
DA:1728,2
DA:1729,2
DA:1730,2
DA:1731,2
DA:1732,2
DA:1733,2
DA:1741,7
DA:1742,7
DA:1743,7
DA:1744,2
DA:1745,2
DA:1747,7
DA:1751,7
DA:1752,4
DA:1753,4
DA:1754,42
DA:1755,114
DA:1756,2
DA:1760,2
DA:1764,7
DA:1765,2
DA:1766,2
DA:1767,1
DA:1769,1
DA:1770,1
DA:1771,5
DA:1772,0
DA:1776,1
DA:1777,0
DA:1779,1
DA:1783,7
DA:1807,7
DA:1808,7
DA:1809,7
DA:1923,7
DA:1924,7
DA:1925,0
DA:1929,7
DA:1930,0
DA:1931,0
DA:1932,0
DA:1934,0
DA:1936,7
DA:1937,7
DA:1938,7
DA:1939,7
DA:1940,0
DA:1944,7
DA:1945,7
DA:1946,7
DA:1948,7
DA:1949,7
DA:1950,7
DA:1955,5
DA:1956,4
DA:1957,4
DA:1958,4
DA:1960,4
DA:1961,4
DA:1962,4
DA:1965,4
DA:1966,1
DA:1967,1
DA:1968,1
DA:1969,1
DA:1970,1
DA:1971,1
DA:1972,1
DA:1973,1
DA:1974,1
DA:1975,1
DA:1986,1
DA:1987,1
DA:1989,1
DA:1993,1
DA:2001,3
DA:2002,3
DA:2003,3
DA:2004,3
DA:2005,2
DA:2006,2
DA:2014,2
DA:2023,3
DA:2024,0
DA:2025,0
DA:2027,3
DA:2033,4
DA:2034,4
DA:2035,4
DA:2036,4
DA:2043,6
DA:2054,6
DA:2055,6
DA:2056,6
DA:2057,6
DA:2062,3
DA:2063,3
DA:2066,3
DA:2067,2
DA:2068,2
DA:2074,2
DA:2075,2
DA:2078,2
DA:2079,2
DA:2084,3
DA:2085,2
DA:2086,2
DA:2087,2
DA:2088,6
DA:2089,2
DA:2096,3
DA:2097,3
DA:2098,2
DA:2099,2
DA:2104,3
DA:2109,5
DA:2110,5
DA:2112,5
DA:2113,5
DA:2114,4
DA:2115,4
DA:2116,4
DA:2118,4
DA:2119,8
DA:2120,3
DA:2121,3
DA:2127,3
DA:2128,3
DA:2129,3
DA:2137,5
DA:2143,2
DA:2144,2
DA:2145,2
DA:2146,2
DA:2150,2
DA:2151,2
DA:2152,2
DA:2155,6
DA:2156,6
DA:2161,5
DA:2162,2
DA:2163,2
DA:2164,2
DA:2166,0
DA:2167,0
DA:2170,3
DA:2171,3
DA:2175,1
DA:2176,1
DA:2183,9
DA:2184,9
DA:2188,6
DA:2189,6
DA:2190,6
DA:2191,6
DA:2198,17
DA:2199,17
DA:2201,17
DA:2202,10
DA:2203,10
DA:2206,10
DA:2207,6
DA:2208,6
DA:2209,6
DA:2210,6
DA:2213,10
DA:2214,10
DA:2217,10
DA:2218,1
DA:2219,1
DA:2221,1
DA:2222,1
DA:2223,1
DA:2224,1
DA:2225,0
DA:2228,1
DA:2229,1
DA:2230,1
DA:2231,1
DA:2233,1
DA:2234,1
DA:2235,1
DA:2236,1
DA:2238,1
DA:2240,1
DA:2242,1
DA:2244,1
DA:2247,9
DA:2250,9
DA:2252,9
DA:2255,1
DA:2258,1
DA:2259,1
DA:2260,1
DA:2261,1
DA:2265,1
DA:2266,1
DA:2267,1
DA:2268,1
DA:2269,1
DA:2272,1
DA:2273,0
DA:2274,0
DA:2275,0
DA:2278,0
DA:2282,1
DA:2286,8
DA:2290,9
DA:2291,3
DA:2292,3
DA:2293,3
DA:2294,3
DA:2296,3
DA:2299,9
DA:2302,10
DA:2303,10
DA:2307,17
DA:2311,2
DA:2312,2
DA:2320,0
DA:2352,0
DA:2355,0
DA:2376,0
DA:2379,0
DA:2408,1
LF:606
LH:440
BRDA:16,0,0,30
BRDA:16,0,1,6
BRDA:18,1,0,3
BRDA:18,1,1,27
BRDA:24,2,0,2
BRDA:24,2,1,7
BRDA:24,3,0,9
BRDA:24,3,1,8
BRDA:29,4,0,18
BRDA:29,4,1,15
BRDA:30,5,0,10
BRDA:30,5,1,8
BRDA:39,6,0,3
BRDA:39,6,1,8
BRDA:39,7,0,11
BRDA:39,7,1,9
BRDA:43,8,0,7
BRDA:43,8,1,1
BRDA:47,9,0,0
BRDA:56,10,0,9
BRDA:56,10,1,18
BRDA:58,11,0,4
BRDA:58,11,1,4
BRDA:58,11,2,4
BRDA:58,11,3,6
BRDA:58,11,4,6
BRDA:1098,12,0,1
BRDA:1098,12,1,0
BRDA:1105,13,0,0
BRDA:1105,13,1,0
BRDA:1113,14,0,1
BRDA:1113,14,1,2
BRDA:1113,15,0,3
BRDA:1113,15,1,2
BRDA:1120,16,0,0
BRDA:1120,16,1,2
BRDA:1133,17,0,0
BRDA:1133,17,1,0
BRDA:1155,18,0,0
BRDA:1155,18,1,1
BRDA:1155,19,0,1
BRDA:1155,19,1,0
BRDA:1179,20,0,1
BRDA:1179,20,1,0
BRDA:1199,21,0,17
BRDA:1199,21,1,2
BRDA:1213,22,0,2
BRDA:1213,22,1,1
BRDA:1242,23,0,14
BRDA:1242,23,1,60
BRDA:1258,24,0,0
BRDA:1259,25,0,0
BRDA:1285,26,0,3
BRDA:1285,26,1,9
BRDA:1293,27,0,0
BRDA:1293,27,1,0
BRDA:1308,28,0,1
BRDA:1308,28,1,3
BRDA:1312,29,0,1
BRDA:1312,29,1,0
BRDA:1320,30,0,1
BRDA:1320,30,1,1
BRDA:1336,31,0,1
BRDA:1336,31,1,3
BRDA:1338,32,0,1
BRDA:1338,32,1,0
BRDA:1339,33,0,1
BRDA:1339,33,1,0
BRDA:1340,34,0,1
BRDA:1340,34,1,0
BRDA:1341,35,0,0
BRDA:1341,35,1,1
BRDA:1348,36,0,1
BRDA:1348,36,1,2
BRDA:1356,37,0,1
BRDA:1356,37,1,2
BRDA:1370,38,0,1
BRDA:1370,38,1,2
BRDA:1372,39,0,0
BRDA:1372,39,1,1
BRDA:1373,40,0,0
BRDA:1373,40,1,1
BRDA:1374,41,0,0
BRDA:1374,41,1,1
BRDA:1410,42,0,2
BRDA:1410,42,1,0
BRDA:1418,43,0,0
BRDA:1418,43,1,1
BRDA:1426,44,0,0
BRDA:1426,44,1,0
BRDA:1427,45,0,0
BRDA:1427,45,1,0
BRDA:1446,46,0,0
BRDA:1446,46,1,0
BRDA:1452,47,0,0
BRDA:1452,47,1,0
BRDA:1469,48,0,0
BRDA:1469,48,1,0
BRDA:1491,49,0,0
BRDA:1491,49,1,0
BRDA:1493,50,0,0
BRDA:1493,50,1,0
BRDA:1494,51,0,0
BRDA:1494,51,1,0
BRDA:1496,52,0,0
BRDA:1496,52,1,0
BRDA:1498,53,0,0
BRDA:1498,53,1,0
BRDA:1502,54,0,0
BRDA:1502,54,1,0
BRDA:1503,55,0,0
BRDA:1503,55,1,0
BRDA:1505,56,0,0
BRDA:1505,56,1,0
BRDA:1512,57,0,0
BRDA:1512,57,1,0
BRDA:1530,58,0,0
BRDA:1530,58,1,0
BRDA:1532,59,0,0
BRDA:1532,59,1,0
BRDA:1533,60,0,0
BRDA:1533,60,1,0
BRDA:1535,61,0,0
BRDA:1535,61,1,0
BRDA:1551,62,0,0
BRDA:1551,62,1,1
BRDA:1554,63,0,0
BRDA:1554,63,1,0
BRDA:1556,64,0,0
BRDA:1556,64,1,0
BRDA:1570,65,0,0
BRDA:1570,65,1,0
BRDA:1573,66,0,0
BRDA:1573,66,1,0
BRDA:1579,67,0,0
BRDA:1579,67,1,0
BRDA:1580,68,0,0
BRDA:1580,68,1,0
BRDA:1583,69,0,0
BRDA:1583,69,1,0
BRDA:1588,70,0,0
BRDA:1588,70,1,0
BRDA:1588,71,0,0
BRDA:1588,71,1,0
BRDA:1595,72,0,0
BRDA:1595,72,1,0
BRDA:1607,73,0,0
BRDA:1607,73,1,0
BRDA:1607,74,0,0
BRDA:1607,74,1,0
BRDA:1617,75,0,0
BRDA:1617,75,1,0
BRDA:1618,76,0,0
BRDA:1618,76,1,0
BRDA:1629,77,0,0
BRDA:1629,77,1,0
BRDA:1637,78,0,0
BRDA:1637,78,1,0
BRDA:1651,79,0,0
BRDA:1651,79,1,1
BRDA:1680,80,0,4
BRDA:1680,80,1,0
BRDA:1697,81,0,0
BRDA:1697,81,1,0
BRDA:1697,82,0,0
BRDA:1697,82,1,0
BRDA:1742,83,0,7
BRDA:1742,83,1,0
BRDA:1743,84,0,2
BRDA:1743,84,1,5
BRDA:1755,85,0,2
BRDA:1755,85,1,112
BRDA:1767,86,0,1
BRDA:1767,86,1,0
BRDA:1769,87,0,1
BRDA:1769,87,1,0
BRDA:1772,88,0,0
BRDA:1772,88,1,0
BRDA:1777,89,0,0
BRDA:1777,89,1,0
BRDA:1930,90,0,0
BRDA:1930,90,1,0
BRDA:1940,91,0,0
BRDA:1940,91,1,0
BRDA:1955,92,0,1
BRDA:1955,92,1,4
BRDA:1957,93,0,4
BRDA:1957,93,1,3
BRDA:1965,94,0,1
BRDA:1965,94,1,3
BRDA:1968,95,0,0
BRDA:1968,95,1,1
BRDA:1969,96,0,0
BRDA:1969,96,1,1
BRDA:1974,97,0,1
BRDA:1974,97,1,0
BRDA:2003,98,0,2
BRDA:2003,98,1,1
BRDA:2004,99,0,1
BRDA:2004,99,1,2
BRDA:2023,100,0,0
BRDA:2023,100,1,3
BRDA:2028,101,0,1
BRDA:2028,101,1,2
BRDA:2041,102,0,5
BRDA:2055,103,0,1
BRDA:2055,103,1,5
BRDA:2067,104,0,2
BRDA:2067,104,1,0
BRDA:2076,105,0,2
BRDA:2076,105,1,0
BRDA:2085,106,0,2
BRDA:2085,106,1,0
BRDA:2085,107,0,2
BRDA:2085,107,1,2
BRDA:2088,108,0,2
BRDA:2088,108,1,4
BRDA:2097,109,0,2
BRDA:2097,109,1,1
BRDA:2115,110,0,4
BRDA:2115,110,1,0
BRDA:2115,111,0,4
BRDA:2115,111,1,4
BRDA:2119,112,0,3
BRDA:2119,112,1,5
BRDA:2120,113,0,3
BRDA:2120,113,1,0
BRDA:2128,114,0,3
BRDA:2128,114,1,0
BRDA:2161,115,0,2
BRDA:2161,115,1,3
BRDA:2162,116,0,2
BRDA:2162,116,1,0
BRDA:2164,117,0,2
BRDA:2164,117,1,2
BRDA:2190,118,0,6
BRDA:2190,118,1,0
BRDA:2203,119,0,6
BRDA:2203,119,1,4
BRDA:2206,120,0,6
BRDA:2206,120,1,4
BRDA:2217,121,0,1
BRDA:2217,121,1,9
BRDA:2217,122,0,10
BRDA:2217,122,1,1
BRDA:2252,123,0,1
BRDA:2252,123,1,8
BRDA:2258,124,0,1
BRDA:2258,124,1,0
BRDA:2265,125,0,1
BRDA:2265,125,1,0
BRDA:2276,126,0,0
BRDA:2276,126,1,0
BRDA:2290,127,0,3
BRDA:2290,127,1,6
BRDA:2350,128,0,0
BRDA:2350,128,1,0
BRDA:2350,129,0,0
BRDA:2350,129,1,0
BRDA:2363,130,0,0
BRDA:2363,130,1,0
BRDA:2363,131,0,0
BRDA:2363,131,1,0
BRDA:2369,132,0,0
BRDA:2369,132,1,0
BRDA:2370,133,0,0
BRDA:2370,133,1,0
BRDA:2374,134,0,0
BRDA:2374,134,1,0
BRF:269
BRH:129
end_of_record
TN:
SF:static/js/conversation.js
FN:130,(anonymous_0)
FN:258,extractMessages
FN:261,traverse
FNF:3
FNH:3
FNDA:7,(anonymous_0)
FNDA:6,extractMessages
FNDA:182,traverse
DA:1,2
DA:131,7
DA:132,7
DA:138,5
DA:139,2
DA:140,2
DA:143,3
DA:144,3
DA:146,4
DA:147,4
DA:259,6
DA:262,182
DA:263,41
DA:265,182
DA:266,28
DA:267,138
DA:270,182
DA:271,5
DA:272,38
DA:277,6
DA:278,6
LF:21
LH:21
BRDA:138,0,0,2
BRDA:138,0,1,3
BRDA:144,1,0,3
BRDA:144,1,1,1
BRDA:262,2,0,41
BRDA:262,2,1,141
BRDA:265,3,0,28
BRDA:265,3,1,154
BRDA:270,4,0,5
BRDA:270,4,1,177
BRF:10
BRH:10
end_of_record
