<?xml version="1.0" encoding="utf-8"?><testsuites name="pytest tests"><testsuite name="pytest" errors="0" failures="0" skipped="0" tests="44" time="373.654" timestamp="2025-06-13T17:04:06.436211+05:30" hostname="Likhiths-MacBook-Air-2.local"><testcase classname="tests.test_chatbot" name="test_root" time="0.108" /><testcase classname="tests.test_chatbot" name="test_query_get" time="0.007" /><testcase classname="tests.test_chatbot" name="test_query_post" time="0.006" /><testcase classname="tests.test_chatbot" name="test_process_query_average" time="0.381" /><testcase classname="tests.test_chatbot" name="test_detect_temporal_query" time="0.004" /><testcase classname="tests.test_chatbot" name="test_extract_parameter" time="0.003" /><testcase classname="tests.test_chatbot" name="test_query_post_full" time="0.005" /><testcase classname="tests.test_chatbot" name="test_debug_endpoint" time="2.703" /><testcase classname="tests.test_chatbot" name="test_invalid_requests" time="0.010" /><testcase classname="tests.test_chatbot" name="test_node_status_query" time="6.563" /><testcase classname="tests.test_chatbot" name="test_temporal_data_processing" time="3.556" /><testcase classname="tests.test_chatbot" name="test_average_data_processing" time="0.006" /><testcase classname="tests.test_chatbot" name="test_load_prompt_files" time="24.948" /><testcase classname="tests.test_chatbot" name="test_prepare_system_prompt" time="1.931" /><testcase classname="tests.test_chatbot" name="test_generate_response" time="3.061" /><testcase classname="tests.test_chatbot" name="test_date_range_generation" time="0.007" /><testcase classname="tests.test_chatbot" name="test_temporal_comparison" time="3.678" /><testcase classname="tests.test_chatbot" name="test_error_handling" time="0.004" /><testcase classname="tests.test_chatbot" name="test_load_prompt_files_error" time="0.003" /><testcase classname="tests.test_chatbot" name="test_concurrent_requests" time="61.124" /><testcase classname="tests.test_chatbot" name="test_api_integration" time="7.184" /><testcase classname="tests.test_chatbot" name="test_node_status_response" time="2.922" /><testcase classname="tests.test_chatbot" name="test_malformed_llm_response" time="4.372" /><testcase classname="tests.test_chatbot" name="test_parameter_combinations" time="24.648" /><testcase classname="tests.test_chatbot" name="test_empty_node_data" time="5.409" /><testcase classname="tests.test_chatbot" name="test_query_validation" time="1.946" /><testcase classname="tests.test_chatbot" name="test_response_structure" time="0.004" /><testcase classname="tests.test_chatbot" name="test_query_detection" time="8.943" /><testcase classname="tests.test_chatbot" name="test_fetch_node_data_error" time="7.433" /><testcase classname="tests.test_chatbot" name="test_fetch_historical_data_empty" time="4.319" /><testcase classname="tests.test_chatbot" name="test_date_range_all_periods" time="0.001" /><testcase classname="tests.test_chatbot" name="test_process_temporal_data_empty" time="0.001" /><testcase classname="tests.test_chatbot" name="test_extract_parameter_edge_cases" time="0.001" /><testcase classname="tests.test_chatbot" name="test_average_data_error" time="0.005" /><testcase classname="tests.test_chatbot" name="test_query_validation_edge_cases" time="64.031" /><testcase classname="tests.test_chatbot" name="test_concurrent_requests_stress" time="85.400" /><testcase classname="tests.test_chatbot" name="test_node_status_error" time="5.703" /><testcase classname="tests.test_chatbot" name="test_process_query_invalid_json" time="0.003" /><testcase classname="tests.test_chatbot" name="test_response_encoding" time="8.776" /><testcase classname="tests.test_chatbot" name="test_process_temporal_data_error" time="0.002" /><testcase classname="tests.test_chatbot" name="test_extract_response_data_variations" time="0.001" /><testcase classname="tests.test_chatbot" name="test_async_operations" time="0.083" /><testcase classname="tests.test_chatbot" name="test_parameter_extraction_comprehensive" time="0.001" /><testcase classname="tests.test_chatbot" name="test_generate_response_formats" time="29.671" /></testsuite></testsuites>